0 verbose cli [
0 verbose cli   'D:\\node.js\\npm\\node.exe',
0 verbose cli   'D:\\node.js\\npm\\node-global\\node_modules\\npm\\bin\\npm-cli.js',
0 verbose cli   'run',
0 verbose cli   'start'
0 verbose cli ]
1 info using npm@7.10.0
2 info using node@v14.16.1
3 timing npm:load:whichnode Completed in 2ms
4 timing config:load:defaults Completed in 1ms
5 timing config:load:file:D:\node.js\npm\node-global\node_modules\npm\npmrc Completed in 1ms
6 timing config:load:builtin Completed in 1ms
7 timing config:load:cli Completed in 1ms
8 timing config:load:env Completed in 0ms
9 timing config:load:file:C:\Users\yu\Desktop\nodeblog-master\.npmrc Completed in 0ms
10 timing config:load:project Completed in 3ms
11 timing config:load:file:C:\Users\yu\.npmrc Completed in 1ms
12 timing config:load:user Completed in 1ms
13 timing config:load:file:D:\node.js\npm\node-global\etc\npmrc Completed in 0ms
14 timing config:load:global Completed in 0ms
15 timing config:load:validate Completed in 1ms
16 timing config:load:setEnvs Completed in 1ms
17 timing config:load Completed in 10ms
18 timing npm:load:configload Completed in 10ms
19 timing npm:load:setTitle Completed in 0ms
20 timing npm:load:setupLog Completed in 2ms
21 timing npm:load:cleanupLog Completed in 2ms
22 timing npm:load:configScope Completed in 0ms
23 timing npm:load:projectScope Completed in 0ms
24 timing npm:load Completed in 17ms
25 timing config:load:flatten Completed in 2ms
26 timing command:run-script Completed in 0ms
27 verbose stack Error: ENOENT: no such file or directory, open 'C:\Users\yu\Desktop\nodeblog-master\package.json'
28 verbose cwd C:\Users\yu\Desktop\nodeblog-master
29 verbose Windows_NT 10.0.19042
30 verbose argv "D:\\node.js\\npm\\node.exe" "D:\\node.js\\npm\\node-global\\node_modules\\npm\\bin\\npm-cli.js" "run" "start"
31 verbose node v14.16.1
32 verbose npm  v7.10.0
33 error code ENOENT
34 error syscall open
35 error path C:\Users\yu\Desktop\nodeblog-master/package.json
36 error errno -4058
37 error enoent ENOENT: no such file or directory, open 'C:\Users\yu\Desktop\nodeblog-master\package.json'
38 error enoent This is related to npm not being able to find a file.
39 verbose exit -4058
